<?xml version="1.0" encoding="UTF-8"?>
<testng-results ignored="0" total="1" passed="1" failed="0" skipped="0">
  <reporter-output>
  </reporter-output>
  <suite started-at="2021-12-15T00:35:56 IST" name="TestAutomation" finished-at="2021-12-15T00:36:09 IST" duration-ms="13225">
    <groups>
    </groups>
    <test started-at="2021-12-15T00:35:56 IST" name="TestScenario" finished-at="2021-12-15T00:36:09 IST" duration-ms="13225">
      <class name="tests.TestCase_01">
        <test-method is-config="true" signature="createSession()[pri:0, instance:tests.TestCase_01@2ea6137]" started-at="2021-12-15T00:35:56 IST" name="createSession" finished-at="2021-12-15T00:36:04 IST" duration-ms="8161" status="PASS">
          <reporter-output>
          </reporter-output>
        </test-method> <!-- createSession -->
        <test-method is-config="true" signature="fetchTestData()[pri:0, instance:tests.TestCase_01@2ea6137]" started-at="2021-12-15T00:36:04 IST" name="fetchTestData" finished-at="2021-12-15T00:36:05 IST" duration-ms="471" status="PASS">
          <reporter-output>
          </reporter-output>
        </test-method> <!-- fetchTestData -->
        <test-method is-config="true" signature="initializeElements()[pri:0, instance:tests.TestCase_01@2ea6137]" started-at="2021-12-15T00:36:05 IST" name="initializeElements" finished-at="2021-12-15T00:36:05 IST" duration-ms="40" status="PASS">
          <reporter-output>
          </reporter-output>
        </test-method> <!-- initializeElements -->
        <test-method signature="CheckUserIsAbleToLogin()[pri:0, instance:tests.TestCase_01@2ea6137]" started-at="2021-12-15T00:36:05 IST" name="CheckUserIsAbleToLogin" finished-at="2021-12-15T00:36:09 IST" duration-ms="4386" status="PASS">
          <reporter-output>
          </reporter-output>
        </test-method> <!-- CheckUserIsAbleToLogin -->
        <test-method is-config="true" signature="endSession()[pri:0, instance:tests.TestCase_01@2ea6137]" started-at="2021-12-15T00:36:09 IST" name="endSession" finished-at="2021-12-15T00:36:09 IST" duration-ms="146" status="PASS">
          <reporter-output>
          </reporter-output>
        </test-method> <!-- endSession -->
      </class> <!-- tests.TestCase_01 -->
    </test> <!-- TestScenario -->
  </suite> <!-- TestAutomation -->
</testng-results>
